2015-10-03 13:20:22 Error: Fatal Error (1): Call to a member function find() on null in [D:\xampp\htdocs\ecommerce\Controller\ClientesController.php, line 59]
2015-10-03 13:20:22 Error: [FatalErrorException] Call to a member function find() on null
Request URL: /clientes/add
Stack Trace:
#0 D:\xampp\htdocs\cakephp\lib\Cake\Error\ErrorHandler.php(213): ErrorHandler::handleFatalError(1, 'Call to a membe...', 'D:\\xampp\\htdocs...', 59)
#1 [internal function]: ErrorHandler::handleError(1, 'Call to a membe...', 'D:\\xampp\\htdocs...', 59, Array)
#2 D:\xampp\htdocs\cakephp\lib\Cake\Core\App.php(933): call_user_func('ErrorHandler::h...', 1, 'Call to a membe...', 'D:\\xampp\\htdocs...', 59, Array)
#3 D:\xampp\htdocs\cakephp\lib\Cake\Core\App.php(906): App::_checkFatalError()
#4 [internal function]: App::shutdown()
#5 {main}
2015-10-04 02:06:50 Error: [MissingControllerException] Controller class ClienteController could not be found.
Exception Attributes: array (
  'class' => 'ClienteController',
  'plugin' => NULL,
)
Request URL: /cliente
Stack Trace:
#0 C:\xampp\htdocs\ecommerce\webroot\index.php(109): Dispatcher->dispatch(Object(CakeRequest), Object(CakeResponse))
#1 {main}
2015-10-04 02:14:19 Error: [MissingTableException] Table cuentas for model Cuenta was not found in datasource default.
Exception Attributes: array (
  'table' => 'cuentas',
  'class' => 'Cuenta',
  'ds' => 'default',
)
Request URL: /cuentas
Stack Trace:
#0 C:\xampp\htdocs\cakephp\lib\Cake\Model\Model.php(3648): Model->setSource('cuentas')
#1 C:\xampp\htdocs\cakephp\lib\Cake\Model\Model.php(3026): Model->getDataSource()
#2 C:\xampp\htdocs\cakephp\lib\Cake\Model\Model.php(2998): Model->_readDataSource('all', Array)
#3 C:\xampp\htdocs\cakephp\lib\Cake\Controller\Component\PaginatorComponent.php(196): Model->find('all', Array)
#4 C:\xampp\htdocs\ecommerce\Controller\CuentasController.php(26): PaginatorComponent->paginate()
#5 [internal function]: CuentasController->index()
#6 C:\xampp\htdocs\cakephp\lib\Cake\Controller\Controller.php(490): ReflectionMethod->invokeArgs(Object(CuentasController), Array)
#7 C:\xampp\htdocs\cakephp\lib\Cake\Routing\Dispatcher.php(193): Controller->invokeAction(Object(CakeRequest))
#8 C:\xampp\htdocs\cakephp\lib\Cake\Routing\Dispatcher.php(167): Dispatcher->_invoke(Object(CuentasController), Object(CakeRequest))
#9 C:\xampp\htdocs\ecommerce\webroot\index.php(109): Dispatcher->dispatch(Object(CakeRequest), Object(CakeResponse))
#10 {main}
2015-10-04 02:14:45 Error: [MissingTableException] Table clientes for model Cliente was not found in datasource default.
Exception Attributes: array (
  'table' => 'clientes',
  'class' => 'Cliente',
  'ds' => 'default',
)
Request URL: /clientes
Stack Trace:
#0 C:\xampp\htdocs\cakephp\lib\Cake\Model\Model.php(3648): Model->setSource('clientes')
#1 C:\xampp\htdocs\cakephp\lib\Cake\Model\Model.php(3026): Model->getDataSource()
#2 C:\xampp\htdocs\cakephp\lib\Cake\Model\Model.php(2998): Model->_readDataSource('all', Array)
#3 C:\xampp\htdocs\cakephp\lib\Cake\Controller\Component\PaginatorComponent.php(196): Model->find('all', Array)
#4 C:\xampp\htdocs\ecommerce\Controller\ClientesController.php(26): PaginatorComponent->paginate()
#5 [internal function]: ClientesController->index()
#6 C:\xampp\htdocs\cakephp\lib\Cake\Controller\Controller.php(490): ReflectionMethod->invokeArgs(Object(ClientesController), Array)
#7 C:\xampp\htdocs\cakephp\lib\Cake\Routing\Dispatcher.php(193): Controller->invokeAction(Object(CakeRequest))
#8 C:\xampp\htdocs\cakephp\lib\Cake\Routing\Dispatcher.php(167): Dispatcher->_invoke(Object(ClientesController), Object(CakeRequest))
#9 C:\xampp\htdocs\ecommerce\webroot\index.php(109): Dispatcher->dispatch(Object(CakeRequest), Object(CakeResponse))
#10 {main}
2015-10-04 02:25:11 Error: [MissingTableException] Table clientes for model Cliente was not found in datasource default.
Exception Attributes: array (
  'table' => 'clientes',
  'class' => 'Cliente',
  'ds' => 'default',
)
Request URL: /clientes
Stack Trace:
#0 C:\xampp\htdocs\cakephp\lib\Cake\Model\Model.php(3648): Model->setSource('clientes')
#1 C:\xampp\htdocs\cakephp\lib\Cake\Model\Model.php(3026): Model->getDataSource()
#2 C:\xampp\htdocs\cakephp\lib\Cake\Model\Model.php(2998): Model->_readDataSource('all', Array)
#3 C:\xampp\htdocs\cakephp\lib\Cake\Controller\Component\PaginatorComponent.php(196): Model->find('all', Array)
#4 C:\xampp\htdocs\ecommerce\Controller\ClientesController.php(26): PaginatorComponent->paginate()
#5 [internal function]: ClientesController->index()
#6 C:\xampp\htdocs\cakephp\lib\Cake\Controller\Controller.php(490): ReflectionMethod->invokeArgs(Object(ClientesController), Array)
#7 C:\xampp\htdocs\cakephp\lib\Cake\Routing\Dispatcher.php(193): Controller->invokeAction(Object(CakeRequest))
#8 C:\xampp\htdocs\cakephp\lib\Cake\Routing\Dispatcher.php(167): Dispatcher->_invoke(Object(ClientesController), Object(CakeRequest))
#9 C:\xampp\htdocs\ecommerce\webroot\index.php(109): Dispatcher->dispatch(Object(CakeRequest), Object(CakeResponse))
#10 {main}
2015-10-04 05:38:19 Error: Fatal Error (4): syntax error, unexpected 'funtion' (T_STRING), expecting variable (T_VARIABLE) in [C:\xampp\htdocs\restaurante\Controller\MeserosController.php, line 5]
2015-10-04 05:38:19 Error: [FatalErrorException] syntax error, unexpected 'funtion' (T_STRING), expecting variable (T_VARIABLE)
Request URL: /meseros/
Stack Trace:
#0 C:\xampp\htdocs\cakephp\lib\Cake\Error\ErrorHandler.php(213): ErrorHandler::handleFatalError(4, 'syntax error, u...', 'C:\\xampp\\htdocs...', 5)
#1 [internal function]: ErrorHandler::handleError(4, 'syntax error, u...', 'C:\\xampp\\htdocs...', 5, Array)
#2 C:\xampp\htdocs\cakephp\lib\Cake\Core\App.php(933): call_user_func('ErrorHandler::h...', 4, 'syntax error, u...', 'C:\\xampp\\htdocs...', 5, Array)
#3 C:\xampp\htdocs\cakephp\lib\Cake\Core\App.php(906): App::_checkFatalError()
#4 [internal function]: App::shutdown()
#5 {main}
2015-10-04 05:38:43 Error: Fatal Error (4): syntax error, unexpected 'funtion' (T_STRING), expecting variable (T_VARIABLE) in [C:\xampp\htdocs\restaurante\Controller\MeserosController.php, line 5]
2015-10-04 05:38:43 Error: [FatalErrorException] syntax error, unexpected 'funtion' (T_STRING), expecting variable (T_VARIABLE)
Request URL: /meseros/index
Stack Trace:
#0 C:\xampp\htdocs\cakephp\lib\Cake\Error\ErrorHandler.php(213): ErrorHandler::handleFatalError(4, 'syntax error, u...', 'C:\\xampp\\htdocs...', 5)
#1 [internal function]: ErrorHandler::handleError(4, 'syntax error, u...', 'C:\\xampp\\htdocs...', 5, Array)
#2 C:\xampp\htdocs\cakephp\lib\Cake\Core\App.php(933): call_user_func('ErrorHandler::h...', 4, 'syntax error, u...', 'C:\\xampp\\htdocs...', 5, Array)
#3 C:\xampp\htdocs\cakephp\lib\Cake\Core\App.php(906): App::_checkFatalError()
#4 [internal function]: App::shutdown()
#5 {main}
2015-10-04 06:20:11 Error: [MissingActionException] Action MeserosController::ver() could not be found.
Exception Attributes: array (
  'controller' => 'MeserosController',
  'action' => 'ver',
)
Request URL: /meseros/ver
Stack Trace:
#0 C:\xampp\htdocs\cakephp\lib\Cake\Routing\Dispatcher.php(193): Controller->invokeAction(Object(CakeRequest))
#1 C:\xampp\htdocs\cakephp\lib\Cake\Routing\Dispatcher.php(167): Dispatcher->_invoke(Object(MeserosController), Object(CakeRequest))
#2 C:\xampp\htdocs\restaurante\webroot\index.php(109): Dispatcher->dispatch(Object(CakeRequest), Object(CakeResponse))
#3 {main}
2015-10-04 06:21:50 Error: [MissingActionException] Action MeserosController::ver() could not be found.
Exception Attributes: array (
  'controller' => 'MeserosController',
  'action' => 'ver',
)
Request URL: /meseros/ver
Stack Trace:
#0 C:\xampp\htdocs\cakephp\lib\Cake\Routing\Dispatcher.php(193): Controller->invokeAction(Object(CakeRequest))
#1 C:\xampp\htdocs\cakephp\lib\Cake\Routing\Dispatcher.php(167): Dispatcher->_invoke(Object(MeserosController), Object(CakeRequest))
#2 C:\xampp\htdocs\restaurante\webroot\index.php(109): Dispatcher->dispatch(Object(CakeRequest), Object(CakeResponse))
#3 {main}
2015-10-04 06:35:04 Error: [NotFoundException] Datos Invalidos
Request URL: /meseros/ver
Stack Trace:
#0 [internal function]: MeserosController->ver()
#1 C:\xampp\htdocs\cakephp\lib\Cake\Controller\Controller.php(490): ReflectionMethod->invokeArgs(Object(MeserosController), Array)
#2 C:\xampp\htdocs\cakephp\lib\Cake\Routing\Dispatcher.php(193): Controller->invokeAction(Object(CakeRequest))
#3 C:\xampp\htdocs\cakephp\lib\Cake\Routing\Dispatcher.php(167): Dispatcher->_invoke(Object(MeserosController), Object(CakeRequest))
#4 C:\xampp\htdocs\restaurante\webroot\index.php(109): Dispatcher->dispatch(Object(CakeRequest), Object(CakeResponse))
#5 {main}
2015-10-04 06:35:32 Error: Fatal Error (4): syntax error, unexpected '->' (T_OBJECT_OPERATOR) in [C:\xampp\htdocs\restaurante\Controller\MeserosController.php, line 16]
2015-10-04 06:35:32 Error: [FatalErrorException] syntax error, unexpected '->' (T_OBJECT_OPERATOR)
Request URL: /meseros/ver
Stack Trace:
#0 C:\xampp\htdocs\cakephp\lib\Cake\Error\ErrorHandler.php(213): ErrorHandler::handleFatalError(4, 'syntax error, u...', 'C:\\xampp\\htdocs...', 16)
#1 [internal function]: ErrorHandler::handleError(4, 'syntax error, u...', 'C:\\xampp\\htdocs...', 16, Array)
#2 C:\xampp\htdocs\cakephp\lib\Cake\Core\App.php(933): call_user_func('ErrorHandler::h...', 4, 'syntax error, u...', 'C:\\xampp\\htdocs...', 16, Array)
#3 C:\xampp\htdocs\cakephp\lib\Cake\Core\App.php(906): App::_checkFatalError()
#4 [internal function]: App::shutdown()
#5 {main}
2015-10-04 06:35:37 Error: Fatal Error (4): syntax error, unexpected '->' (T_OBJECT_OPERATOR) in [C:\xampp\htdocs\restaurante\Controller\MeserosController.php, line 16]
2015-10-04 06:35:37 Error: [FatalErrorException] syntax error, unexpected '->' (T_OBJECT_OPERATOR)
Request URL: /meseros/ver
Stack Trace:
#0 C:\xampp\htdocs\cakephp\lib\Cake\Error\ErrorHandler.php(213): ErrorHandler::handleFatalError(4, 'syntax error, u...', 'C:\\xampp\\htdocs...', 16)
#1 [internal function]: ErrorHandler::handleError(4, 'syntax error, u...', 'C:\\xampp\\htdocs...', 16, Array)
#2 C:\xampp\htdocs\cakephp\lib\Cake\Core\App.php(933): call_user_func('ErrorHandler::h...', 4, 'syntax error, u...', 'C:\\xampp\\htdocs...', 16, Array)
#3 C:\xampp\htdocs\cakephp\lib\Cake\Core\App.php(906): App::_checkFatalError()
#4 [internal function]: App::shutdown()
#5 {main}
2015-10-04 06:39:03 Error: [NotFoundException] Datos Invalidos
Request URL: /meseros/ver
Stack Trace:
#0 [internal function]: MeserosController->ver()
#1 C:\xampp\htdocs\cakephp\lib\Cake\Controller\Controller.php(490): ReflectionMethod->invokeArgs(Object(MeserosController), Array)
#2 C:\xampp\htdocs\cakephp\lib\Cake\Routing\Dispatcher.php(193): Controller->invokeAction(Object(CakeRequest))
#3 C:\xampp\htdocs\cakephp\lib\Cake\Routing\Dispatcher.php(167): Dispatcher->_invoke(Object(MeserosController), Object(CakeRequest))
#4 C:\xampp\htdocs\restaurante\webroot\index.php(109): Dispatcher->dispatch(Object(CakeRequest), Object(CakeResponse))
#5 {main}
2015-10-04 06:39:08 Error: [NotFoundException] Datos Invalidos
Request URL: /meseros/ver/
Stack Trace:
#0 [internal function]: MeserosController->ver()
#1 C:\xampp\htdocs\cakephp\lib\Cake\Controller\Controller.php(490): ReflectionMethod->invokeArgs(Object(MeserosController), Array)
#2 C:\xampp\htdocs\cakephp\lib\Cake\Routing\Dispatcher.php(193): Controller->invokeAction(Object(CakeRequest))
#3 C:\xampp\htdocs\cakephp\lib\Cake\Routing\Dispatcher.php(167): Dispatcher->_invoke(Object(MeserosController), Object(CakeRequest))
#4 C:\xampp\htdocs\restaurante\webroot\index.php(109): Dispatcher->dispatch(Object(CakeRequest), Object(CakeResponse))
#5 {main}
2015-10-04 07:21:01 Error: Fatal Error (4): syntax error, unexpected ')', expecting ',' or ';' in [C:\xampp\htdocs\restaurante\Model\Mesero.php, line 6]
2015-10-04 07:21:01 Error: [FatalErrorException] syntax error, unexpected ')', expecting ',' or ';'
Request URL: /meseros
Stack Trace:
#0 C:\xampp\htdocs\cakephp\lib\Cake\Error\ErrorHandler.php(213): ErrorHandler::handleFatalError(4, 'syntax error, u...', 'C:\\xampp\\htdocs...', 6)
#1 [internal function]: ErrorHandler::handleError(4, 'syntax error, u...', 'C:\\xampp\\htdocs...', 6, Array)
#2 C:\xampp\htdocs\cakephp\lib\Cake\Core\App.php(933): call_user_func('ErrorHandler::h...', 4, 'syntax error, u...', 'C:\\xampp\\htdocs...', 6, Array)
#3 C:\xampp\htdocs\cakephp\lib\Cake\Core\App.php(906): App::_checkFatalError()
#4 [internal function]: App::shutdown()
#5 {main}
2015-10-04 07:21:07 Error: Fatal Error (4): syntax error, unexpected ')', expecting ',' or ';' in [C:\xampp\htdocs\restaurante\Model\Mesero.php, line 6]
2015-10-04 07:21:07 Error: [FatalErrorException] syntax error, unexpected ')', expecting ',' or ';'
Request URL: /meseros/nuevo
Stack Trace:
#0 C:\xampp\htdocs\cakephp\lib\Cake\Error\ErrorHandler.php(213): ErrorHandler::handleFatalError(4, 'syntax error, u...', 'C:\\xampp\\htdocs...', 6)
#1 [internal function]: ErrorHandler::handleError(4, 'syntax error, u...', 'C:\\xampp\\htdocs...', 6, Array)
#2 C:\xampp\htdocs\cakephp\lib\Cake\Core\App.php(933): call_user_func('ErrorHandler::h...', 4, 'syntax error, u...', 'C:\\xampp\\htdocs...', 6, Array)
#3 C:\xampp\htdocs\cakephp\lib\Cake\Core\App.php(906): App::_checkFatalError()
#4 [internal function]: App::shutdown()
#5 {main}
2015-10-04 07:24:59 Error: Fatal Error (4): syntax error, unexpected ''required'' (T_CONSTANT_ENCAPSED_STRING), expecting ')' in [C:\xampp\htdocs\restaurante\Model\Mesero.php, line 6]
2015-10-04 07:24:59 Error: [FatalErrorException] syntax error, unexpected ''required'' (T_CONSTANT_ENCAPSED_STRING), expecting ')'
Request URL: /meseros/nuevo
Stack Trace:
#0 C:\xampp\htdocs\cakephp\lib\Cake\Error\ErrorHandler.php(213): ErrorHandler::handleFatalError(4, 'syntax error, u...', 'C:\\xampp\\htdocs...', 6)
#1 [internal function]: ErrorHandler::handleError(4, 'syntax error, u...', 'C:\\xampp\\htdocs...', 6, Array)
#2 C:\xampp\htdocs\cakephp\lib\Cake\Core\App.php(933): call_user_func('ErrorHandler::h...', 4, 'syntax error, u...', 'C:\\xampp\\htdocs...', 6, Array)
#3 C:\xampp\htdocs\cakephp\lib\Cake\Core\App.php(906): App::_checkFatalError()
#4 [internal function]: App::shutdown()
#5 {main}
2015-10-04 07:26:06 Error: Fatal Error (4): syntax error, unexpected ''required'' (T_CONSTANT_ENCAPSED_STRING), expecting ')' in [C:\xampp\htdocs\restaurante\Model\Mesero.php, line 6]
2015-10-04 07:26:06 Error: [FatalErrorException] syntax error, unexpected ''required'' (T_CONSTANT_ENCAPSED_STRING), expecting ')'
Request URL: /meseros/nuevo
Stack Trace:
#0 C:\xampp\htdocs\cakephp\lib\Cake\Error\ErrorHandler.php(213): ErrorHandler::handleFatalError(4, 'syntax error, u...', 'C:\\xampp\\htdocs...', 6)
#1 [internal function]: ErrorHandler::handleError(4, 'syntax error, u...', 'C:\\xampp\\htdocs...', 6, Array)
#2 C:\xampp\htdocs\cakephp\lib\Cake\Core\App.php(933): call_user_func('ErrorHandler::h...', 4, 'syntax error, u...', 'C:\\xampp\\htdocs...', 6, Array)
#3 C:\xampp\htdocs\cakephp\lib\Cake\Core\App.php(906): App::_checkFatalError()
#4 [internal function]: App::shutdown()
#5 {main}
2015-10-04 19:34:50 Error: Fatal Error (4): syntax error, unexpected ''Telefono'' (T_CONSTANT_ENCAPSED_STRING), expecting ')' in [C:\xampp\htdocs\restaurante\Model\Mesero.php, line 13]
2015-10-04 19:34:50 Error: [FatalErrorException] syntax error, unexpected ''Telefono'' (T_CONSTANT_ENCAPSED_STRING), expecting ')'
Request URL: /meseros/nuevo
Stack Trace:
#0 C:\xampp\htdocs\cakephp\lib\Cake\Error\ErrorHandler.php(213): ErrorHandler::handleFatalError(4, 'syntax error, u...', 'C:\\xampp\\htdocs...', 13)
#1 [internal function]: ErrorHandler::handleError(4, 'syntax error, u...', 'C:\\xampp\\htdocs...', 13, Array)
#2 C:\xampp\htdocs\cakephp\lib\Cake\Core\App.php(933): call_user_func('ErrorHandler::h...', 4, 'syntax error, u...', 'C:\\xampp\\htdocs...', 13, Array)
#3 C:\xampp\htdocs\cakephp\lib\Cake\Core\App.php(906): App::_checkFatalError()
#4 [internal function]: App::shutdown()
#5 {main}
2015-10-04 19:42:26 Error: Fatal Error (4): syntax error, unexpected ''numeric'' (T_CONSTANT_ENCAPSED_STRING), expecting ')' in [C:\xampp\htdocs\restaurante\Model\Mesero.php, line 8]
2015-10-04 19:42:26 Error: [FatalErrorException] syntax error, unexpected ''numeric'' (T_CONSTANT_ENCAPSED_STRING), expecting ')'
Request URL: /meseros/nuevo
Stack Trace:
#0 C:\xampp\htdocs\cakephp\lib\Cake\Error\ErrorHandler.php(213): ErrorHandler::handleFatalError(4, 'syntax error, u...', 'C:\\xampp\\htdocs...', 8)
#1 [internal function]: ErrorHandler::handleError(4, 'syntax error, u...', 'C:\\xampp\\htdocs...', 8, Array)
#2 C:\xampp\htdocs\cakephp\lib\Cake\Core\App.php(933): call_user_func('ErrorHandler::h...', 4, 'syntax error, u...', 'C:\\xampp\\htdocs...', 8, Array)
#3 C:\xampp\htdocs\cakephp\lib\Cake\Core\App.php(906): App::_checkFatalError()
#4 [internal function]: App::shutdown()
#5 {main}
2015-10-04 19:48:11 Error: Fatal Error (4): syntax error, unexpected ';', expecting ')' in [C:\xampp\htdocs\restaurante\Model\Mesero.php, line 27]
2015-10-04 19:48:11 Error: [FatalErrorException] syntax error, unexpected ';', expecting ')'
Request URL: /meseros/nuevo
Stack Trace:
#0 C:\xampp\htdocs\cakephp\lib\Cake\Error\ErrorHandler.php(213): ErrorHandler::handleFatalError(4, 'syntax error, u...', 'C:\\xampp\\htdocs...', 27)
#1 [internal function]: ErrorHandler::handleError(4, 'syntax error, u...', 'C:\\xampp\\htdocs...', 27, Array)
#2 C:\xampp\htdocs\cakephp\lib\Cake\Core\App.php(933): call_user_func('ErrorHandler::h...', 4, 'syntax error, u...', 'C:\\xampp\\htdocs...', 27, Array)
#3 C:\xampp\htdocs\cakephp\lib\Cake\Core\App.php(906): App::_checkFatalError()
#4 [internal function]: App::shutdown()
#5 {main}
2015-10-05 03:22:14 Error: Fatal Error (4): syntax error, unexpected ';', expecting ')' in [C:\xampp\htdocs\restaurante\Model\Mesero.php, line 6]
2015-10-05 03:22:14 Error: [FatalErrorException] syntax error, unexpected ';', expecting ')'
Request URL: /meseros/nuevo
Stack Trace:
#0 C:\xampp\htdocs\cakephp\lib\Cake\Error\ErrorHandler.php(213): ErrorHandler::handleFatalError(4, 'syntax error, u...', 'C:\\xampp\\htdocs...', 6)
#1 [internal function]: ErrorHandler::handleError(4, 'syntax error, u...', 'C:\\xampp\\htdocs...', 6, Array)
#2 C:\xampp\htdocs\cakephp\lib\Cake\Core\App.php(933): call_user_func('ErrorHandler::h...', 4, 'syntax error, u...', 'C:\\xampp\\htdocs...', 6, Array)
#3 C:\xampp\htdocs\cakephp\lib\Cake\Core\App.php(906): App::_checkFatalError()
#4 [internal function]: App::shutdown()
#5 {main}
2015-10-05 03:29:18 Error: Fatal Error (4): syntax error, unexpected '=', expecting ')' in [C:\xampp\htdocs\restaurante\Model\Mesero.php, line 6]
2015-10-05 03:29:18 Error: [FatalErrorException] syntax error, unexpected '=', expecting ')'
Request URL: /meseros/nuevo
Stack Trace:
#0 C:\xampp\htdocs\cakephp\lib\Cake\Error\ErrorHandler.php(213): ErrorHandler::handleFatalError(4, 'syntax error, u...', 'C:\\xampp\\htdocs...', 6)
#1 [internal function]: ErrorHandler::handleError(4, 'syntax error, u...', 'C:\\xampp\\htdocs...', 6, Array)
#2 C:\xampp\htdocs\cakephp\lib\Cake\Core\App.php(933): call_user_func('ErrorHandler::h...', 4, 'syntax error, u...', 'C:\\xampp\\htdocs...', 6, Array)
#3 C:\xampp\htdocs\cakephp\lib\Cake\Core\App.php(906): App::_checkFatalError()
#4 [internal function]: App::shutdown()
#5 {main}
2015-10-05 03:42:49 Error: Fatal Error (4): syntax error, unexpected ''message'' (T_CONSTANT_ENCAPSED_STRING), expecting ')' in [C:\xampp\htdocs\restaurante\Model\Mesero.php, line 10]
2015-10-05 03:42:49 Error: [FatalErrorException] syntax error, unexpected ''message'' (T_CONSTANT_ENCAPSED_STRING), expecting ')'
Request URL: /meseros/nuevo
Stack Trace:
#0 C:\xampp\htdocs\cakephp\lib\Cake\Error\ErrorHandler.php(213): ErrorHandler::handleFatalError(4, 'syntax error, u...', 'C:\\xampp\\htdocs...', 10)
#1 [internal function]: ErrorHandler::handleError(4, 'syntax error, u...', 'C:\\xampp\\htdocs...', 10, Array)
#2 C:\xampp\htdocs\cakephp\lib\Cake\Core\App.php(933): call_user_func('ErrorHandler::h...', 4, 'syntax error, u...', 'C:\\xampp\\htdocs...', 10, Array)
#3 C:\xampp\htdocs\cakephp\lib\Cake\Core\App.php(906): App::_checkFatalError()
#4 [internal function]: App::shutdown()
#5 {main}
2015-10-05 03:43:43 Error: Fatal Error (4): syntax error, unexpected ';', expecting ')' in [C:\xampp\htdocs\restaurante\Model\Mesero.php, line 27]
2015-10-05 03:43:43 Error: [FatalErrorException] syntax error, unexpected ';', expecting ')'
Request URL: /meseros/nuevo
Stack Trace:
#0 C:\xampp\htdocs\cakephp\lib\Cake\Error\ErrorHandler.php(213): ErrorHandler::handleFatalError(4, 'syntax error, u...', 'C:\\xampp\\htdocs...', 27)
#1 [internal function]: ErrorHandler::handleError(4, 'syntax error, u...', 'C:\\xampp\\htdocs...', 27, Array)
#2 C:\xampp\htdocs\cakephp\lib\Cake\Core\App.php(933): call_user_func('ErrorHandler::h...', 4, 'syntax error, u...', 'C:\\xampp\\htdocs...', 27, Array)
#3 C:\xampp\htdocs\cakephp\lib\Cake\Core\App.php(906): App::_checkFatalError()
#4 [internal function]: App::shutdown()
#5 {main}
2015-10-05 03:48:49 Error: Fatal Error (4): syntax error, unexpected ')', expecting ',' or ';' in [C:\xampp\htdocs\restaurante\Model\Mesero.php, line 21]
2015-10-05 03:48:49 Error: [FatalErrorException] syntax error, unexpected ')', expecting ',' or ';'
Request URL: /meseros
Stack Trace:
#0 C:\xampp\htdocs\cakephp\lib\Cake\Error\ErrorHandler.php(213): ErrorHandler::handleFatalError(4, 'syntax error, u...', 'C:\\xampp\\htdocs...', 21)
#1 [internal function]: ErrorHandler::handleError(4, 'syntax error, u...', 'C:\\xampp\\htdocs...', 21, Array)
#2 C:\xampp\htdocs\cakephp\lib\Cake\Core\App.php(933): call_user_func('ErrorHandler::h...', 4, 'syntax error, u...', 'C:\\xampp\\htdocs...', 21, Array)
#3 C:\xampp\htdocs\cakephp\lib\Cake\Core\App.php(906): App::_checkFatalError()
#4 [internal function]: App::shutdown()
#5 {main}
2015-10-05 03:51:35 Error: Fatal Error (4): syntax error, unexpected ''numeric'' (T_CONSTANT_ENCAPSED_STRING), expecting ')' in [C:\xampp\htdocs\restaurante\Model\Mesero.php, line 7]
2015-10-05 03:51:35 Error: [FatalErrorException] syntax error, unexpected ''numeric'' (T_CONSTANT_ENCAPSED_STRING), expecting ')'
Request URL: /meseros/nuevo
Stack Trace:
#0 C:\xampp\htdocs\cakephp\lib\Cake\Error\ErrorHandler.php(213): ErrorHandler::handleFatalError(4, 'syntax error, u...', 'C:\\xampp\\htdocs...', 7)
#1 [internal function]: ErrorHandler::handleError(4, 'syntax error, u...', 'C:\\xampp\\htdocs...', 7, Array)
#2 C:\xampp\htdocs\cakephp\lib\Cake\Core\App.php(933): call_user_func('ErrorHandler::h...', 4, 'syntax error, u...', 'C:\\xampp\\htdocs...', 7, Array)
#3 C:\xampp\htdocs\cakephp\lib\Cake\Core\App.php(906): App::_checkFatalError()
#4 [internal function]: App::shutdown()
#5 {main}
2015-10-05 03:53:38 Error: Fatal Error (4): syntax error, unexpected ';', expecting ')' in [C:\xampp\htdocs\restaurante\Model\Mesero.php, line 8]
2015-10-05 03:53:38 Error: [FatalErrorException] syntax error, unexpected ';', expecting ')'
Request URL: /meseros
Stack Trace:
#0 C:\xampp\htdocs\cakephp\lib\Cake\Error\ErrorHandler.php(213): ErrorHandler::handleFatalError(4, 'syntax error, u...', 'C:\\xampp\\htdocs...', 8)
#1 [internal function]: ErrorHandler::handleError(4, 'syntax error, u...', 'C:\\xampp\\htdocs...', 8, Array)
#2 C:\xampp\htdocs\cakephp\lib\Cake\Core\App.php(933): call_user_func('ErrorHandler::h...', 4, 'syntax error, u...', 'C:\\xampp\\htdocs...', 8, Array)
#3 C:\xampp\htdocs\cakephp\lib\Cake\Core\App.php(906): App::_checkFatalError()
#4 [internal function]: App::shutdown()
#5 {main}
2015-10-05 03:55:02 Error: Fatal Error (4): syntax error, unexpected ''numeric'' (T_CONSTANT_ENCAPSED_STRING), expecting ')' in [C:\xampp\htdocs\restaurante\Model\Mesero.php, line 8]
2015-10-05 03:55:02 Error: [FatalErrorException] syntax error, unexpected ''numeric'' (T_CONSTANT_ENCAPSED_STRING), expecting ')'
Request URL: /meseros
Stack Trace:
#0 C:\xampp\htdocs\cakephp\lib\Cake\Error\ErrorHandler.php(213): ErrorHandler::handleFatalError(4, 'syntax error, u...', 'C:\\xampp\\htdocs...', 8)
#1 [internal function]: ErrorHandler::handleError(4, 'syntax error, u...', 'C:\\xampp\\htdocs...', 8, Array)
#2 C:\xampp\htdocs\cakephp\lib\Cake\Core\App.php(933): call_user_func('ErrorHandler::h...', 4, 'syntax error, u...', 'C:\\xampp\\htdocs...', 8, Array)
#3 C:\xampp\htdocs\cakephp\lib\Cake\Core\App.php(906): App::_checkFatalError()
#4 [internal function]: App::shutdown()
#5 {main}
2015-10-05 03:59:47 Error: Fatal Error (4): syntax error, unexpected ''rule'' (T_CONSTANT_ENCAPSED_STRING), expecting ')' in [C:\xampp\htdocs\restaurante\Model\Mesero.php, line 6]
2015-10-05 03:59:47 Error: [FatalErrorException] syntax error, unexpected ''rule'' (T_CONSTANT_ENCAPSED_STRING), expecting ')'
Request URL: /meseros/nuevo
Stack Trace:
#0 C:\xampp\htdocs\cakephp\lib\Cake\Error\ErrorHandler.php(213): ErrorHandler::handleFatalError(4, 'syntax error, u...', 'C:\\xampp\\htdocs...', 6)
#1 [internal function]: ErrorHandler::handleError(4, 'syntax error, u...', 'C:\\xampp\\htdocs...', 6, Array)
#2 C:\xampp\htdocs\cakephp\lib\Cake\Core\App.php(933): call_user_func('ErrorHandler::h...', 4, 'syntax error, u...', 'C:\\xampp\\htdocs...', 6, Array)
#3 C:\xampp\htdocs\cakephp\lib\Cake\Core\App.php(906): App::_checkFatalError()
#4 [internal function]: App::shutdown()
#5 {main}
2015-10-05 04:03:06 Error: Fatal Error (4): syntax error, unexpected ''message'' (T_CONSTANT_ENCAPSED_STRING), expecting ')' in [C:\xampp\htdocs\restaurante\Model\Mesero.php, line 6]
2015-10-05 04:03:06 Error: [FatalErrorException] syntax error, unexpected ''message'' (T_CONSTANT_ENCAPSED_STRING), expecting ')'
Request URL: /meseros/nuevo
Stack Trace:
#0 C:\xampp\htdocs\cakephp\lib\Cake\Error\ErrorHandler.php(213): ErrorHandler::handleFatalError(4, 'syntax error, u...', 'C:\\xampp\\htdocs...', 6)
#1 [internal function]: ErrorHandler::handleError(4, 'syntax error, u...', 'C:\\xampp\\htdocs...', 6, Array)
#2 C:\xampp\htdocs\cakephp\lib\Cake\Core\App.php(933): call_user_func('ErrorHandler::h...', 4, 'syntax error, u...', 'C:\\xampp\\htdocs...', 6, Array)
#3 C:\xampp\htdocs\cakephp\lib\Cake\Core\App.php(906): App::_checkFatalError()
#4 [internal function]: App::shutdown()
#5 {main}
2015-10-05 04:22:18 Error: Fatal Error (4): syntax error, unexpected ''message'' (T_CONSTANT_ENCAPSED_STRING), expecting ')' in [C:\xampp\htdocs\restaurante\Model\Mesero.php, line 9]
2015-10-05 04:22:18 Error: [FatalErrorException] syntax error, unexpected ''message'' (T_CONSTANT_ENCAPSED_STRING), expecting ')'
Request URL: /meseros/
Stack Trace:
#0 C:\xampp\htdocs\cakephp\lib\Cake\Error\ErrorHandler.php(213): ErrorHandler::handleFatalError(4, 'syntax error, u...', 'C:\\xampp\\htdocs...', 9)
#1 [internal function]: ErrorHandler::handleError(4, 'syntax error, u...', 'C:\\xampp\\htdocs...', 9, Array)
#2 C:\xampp\htdocs\cakephp\lib\Cake\Core\App.php(933): call_user_func('ErrorHandler::h...', 4, 'syntax error, u...', 'C:\\xampp\\htdocs...', 9, Array)
#3 C:\xampp\htdocs\cakephp\lib\Cake\Core\App.php(906): App::_checkFatalError()
#4 [internal function]: App::shutdown()
#5 {main}
2015-10-05 04:25:10 Error: Fatal Error (4): syntax error, unexpected ''message'' (T_CONSTANT_ENCAPSED_STRING), expecting ')' in [C:\xampp\htdocs\restaurante\Model\Mesero.php, line 10]
2015-10-05 04:25:10 Error: [FatalErrorException] syntax error, unexpected ''message'' (T_CONSTANT_ENCAPSED_STRING), expecting ')'
Request URL: /meseros/
Stack Trace:
#0 C:\xampp\htdocs\cakephp\lib\Cake\Error\ErrorHandler.php(213): ErrorHandler::handleFatalError(4, 'syntax error, u...', 'C:\\xampp\\htdocs...', 10)
#1 [internal function]: ErrorHandler::handleError(4, 'syntax error, u...', 'C:\\xampp\\htdocs...', 10, Array)
#2 C:\xampp\htdocs\cakephp\lib\Cake\Core\App.php(933): call_user_func('ErrorHandler::h...', 4, 'syntax error, u...', 'C:\\xampp\\htdocs...', 10, Array)
#3 C:\xampp\htdocs\cakephp\lib\Cake\Core\App.php(906): App::_checkFatalError()
#4 [internal function]: App::shutdown()
#5 {main}
