2015-10-03 13:20:22 Error: Fatal Error (1): Call to a member function find() on null in [D:\xampp\htdocs\ecommerce\Controller\ClientesController.php, line 59]
2015-10-03 13:20:22 Error: [FatalErrorException] Call to a member function find() on null
Request URL: /clientes/add
Stack Trace:
#0 D:\xampp\htdocs\cakephp\lib\Cake\Error\ErrorHandler.php(213): ErrorHandler::handleFatalError(1, 'Call to a membe...', 'D:\\xampp\\htdocs...', 59)
#1 [internal function]: ErrorHandler::handleError(1, 'Call to a membe...', 'D:\\xampp\\htdocs...', 59, Array)
#2 D:\xampp\htdocs\cakephp\lib\Cake\Core\App.php(933): call_user_func('ErrorHandler::h...', 1, 'Call to a membe...', 'D:\\xampp\\htdocs...', 59, Array)
#3 D:\xampp\htdocs\cakephp\lib\Cake\Core\App.php(906): App::_checkFatalError()
#4 [internal function]: App::shutdown()
#5 {main}
2015-10-04 02:06:50 Error: [MissingControllerException] Controller class ClienteController could not be found.
Exception Attributes: array (
  'class' => 'ClienteController',
  'plugin' => NULL,
)
Request URL: /cliente
Stack Trace:
#0 C:\xampp\htdocs\ecommerce\webroot\index.php(109): Dispatcher->dispatch(Object(CakeRequest), Object(CakeResponse))
#1 {main}
2015-10-04 02:14:19 Error: [MissingTableException] Table cuentas for model Cuenta was not found in datasource default.
Exception Attributes: array (
  'table' => 'cuentas',
  'class' => 'Cuenta',
  'ds' => 'default',
)
Request URL: /cuentas
Stack Trace:
#0 C:\xampp\htdocs\cakephp\lib\Cake\Model\Model.php(3648): Model->setSource('cuentas')
#1 C:\xampp\htdocs\cakephp\lib\Cake\Model\Model.php(3026): Model->getDataSource()
#2 C:\xampp\htdocs\cakephp\lib\Cake\Model\Model.php(2998): Model->_readDataSource('all', Array)
#3 C:\xampp\htdocs\cakephp\lib\Cake\Controller\Component\PaginatorComponent.php(196): Model->find('all', Array)
#4 C:\xampp\htdocs\ecommerce\Controller\CuentasController.php(26): PaginatorComponent->paginate()
#5 [internal function]: CuentasController->index()
#6 C:\xampp\htdocs\cakephp\lib\Cake\Controller\Controller.php(490): ReflectionMethod->invokeArgs(Object(CuentasController), Array)
#7 C:\xampp\htdocs\cakephp\lib\Cake\Routing\Dispatcher.php(193): Controller->invokeAction(Object(CakeRequest))
#8 C:\xampp\htdocs\cakephp\lib\Cake\Routing\Dispatcher.php(167): Dispatcher->_invoke(Object(CuentasController), Object(CakeRequest))
#9 C:\xampp\htdocs\ecommerce\webroot\index.php(109): Dispatcher->dispatch(Object(CakeRequest), Object(CakeResponse))
#10 {main}
2015-10-04 02:14:45 Error: [MissingTableException] Table clientes for model Cliente was not found in datasource default.
Exception Attributes: array (
  'table' => 'clientes',
  'class' => 'Cliente',
  'ds' => 'default',
)
Request URL: /clientes
Stack Trace:
#0 C:\xampp\htdocs\cakephp\lib\Cake\Model\Model.php(3648): Model->setSource('clientes')
#1 C:\xampp\htdocs\cakephp\lib\Cake\Model\Model.php(3026): Model->getDataSource()
#2 C:\xampp\htdocs\cakephp\lib\Cake\Model\Model.php(2998): Model->_readDataSource('all', Array)
#3 C:\xampp\htdocs\cakephp\lib\Cake\Controller\Component\PaginatorComponent.php(196): Model->find('all', Array)
#4 C:\xampp\htdocs\ecommerce\Controller\ClientesController.php(26): PaginatorComponent->paginate()
#5 [internal function]: ClientesController->index()
#6 C:\xampp\htdocs\cakephp\lib\Cake\Controller\Controller.php(490): ReflectionMethod->invokeArgs(Object(ClientesController), Array)
#7 C:\xampp\htdocs\cakephp\lib\Cake\Routing\Dispatcher.php(193): Controller->invokeAction(Object(CakeRequest))
#8 C:\xampp\htdocs\cakephp\lib\Cake\Routing\Dispatcher.php(167): Dispatcher->_invoke(Object(ClientesController), Object(CakeRequest))
#9 C:\xampp\htdocs\ecommerce\webroot\index.php(109): Dispatcher->dispatch(Object(CakeRequest), Object(CakeResponse))
#10 {main}
2015-10-04 02:25:11 Error: [MissingTableException] Table clientes for model Cliente was not found in datasource default.
Exception Attributes: array (
  'table' => 'clientes',
  'class' => 'Cliente',
  'ds' => 'default',
)
Request URL: /clientes
Stack Trace:
#0 C:\xampp\htdocs\cakephp\lib\Cake\Model\Model.php(3648): Model->setSource('clientes')
#1 C:\xampp\htdocs\cakephp\lib\Cake\Model\Model.php(3026): Model->getDataSource()
#2 C:\xampp\htdocs\cakephp\lib\Cake\Model\Model.php(2998): Model->_readDataSource('all', Array)
#3 C:\xampp\htdocs\cakephp\lib\Cake\Controller\Component\PaginatorComponent.php(196): Model->find('all', Array)
#4 C:\xampp\htdocs\ecommerce\Controller\ClientesController.php(26): PaginatorComponent->paginate()
#5 [internal function]: ClientesController->index()
#6 C:\xampp\htdocs\cakephp\lib\Cake\Controller\Controller.php(490): ReflectionMethod->invokeArgs(Object(ClientesController), Array)
#7 C:\xampp\htdocs\cakephp\lib\Cake\Routing\Dispatcher.php(193): Controller->invokeAction(Object(CakeRequest))
#8 C:\xampp\htdocs\cakephp\lib\Cake\Routing\Dispatcher.php(167): Dispatcher->_invoke(Object(ClientesController), Object(CakeRequest))
#9 C:\xampp\htdocs\ecommerce\webroot\index.php(109): Dispatcher->dispatch(Object(CakeRequest), Object(CakeResponse))
#10 {main}
